<?xml version="1.0" encoding="utf-8"?><testsuites name="pytest tests"><testsuite name="pytest" errors="0" failures="0" skipped="0" tests="12" time="6.730" timestamp="2026-04-02T00:32:48.018810+00:00" hostname="agent-env-670ac510-4a0a-4aa4-9918-d1eb6f3e7a7b"><testcase classname="backend.tests.test_marketplace.TestMarketplaceCatalog" name="test_catalog_returns_curated_servers" time="0.357" /><testcase classname="backend.tests.test_marketplace.TestMarketplaceCatalog" name="test_catalog_filter_by_category" time="0.184" /><testcase classname="backend.tests.test_marketplace.TestMarketplaceCatalog" name="test_catalog_filter_by_search" time="0.162" /><testcase classname="backend.tests.test_marketplace.TestMarketplaceCatalog" name="test_catalog_combined_filters" time="0.185" /><testcase classname="backend.tests.test_marketplace.TestMarketplaceCatalog" name="test_catalog_returns_categories_list" time="0.119" /><testcase classname="backend.tests.test_marketplace.TestMarketplacePublish" name="test_publish_requires_auth" time="0.295" /><testcase classname="backend.tests.test_marketplace.TestMarketplacePublish" name="test_publish_returns_404_for_nonexistent_server" time="0.257" /><testcase classname="backend.tests.test_marketplace.TestMarketplacePublish" name="test_publish_requires_server_name" time="0.158" /><testcase classname="backend.tests.test_marketplace.TestMarketplacePublish" name="test_publish_and_unpublish_flow" time="0.792" /><testcase classname="backend.tests.test_marketplace.TestMarketplaceUnpublish" name="test_unpublish_requires_auth" time="0.242" /><testcase classname="backend.tests.test_marketplace.TestMarketplaceUnpublish" name="test_unpublish_returns_404_for_nonexistent" time="0.175" /><testcase classname="backend.tests.test_marketplace.TestMarketplaceInstalledFlag" name="test_installed_flag_on_catalog_entries" time="3.666" /></testsuite></testsuites>