<?xml version="1.0" encoding="utf-8"?><testsuites name="pytest tests"><testsuite name="pytest" errors="0" failures="0" skipped="0" tests="22" time="17.801" timestamp="2026-04-02T00:15:46.775613+00:00" hostname="agent-env-670ac510-4a0a-4aa4-9918-d1eb6f3e7a7b"><testcase classname="tests.test_mcp_server_management.TestMCPServerManagement" name="test_parse_github_url_with_subpath" time="0.174" /><testcase classname="tests.test_mcp_server_management.TestMCPServerManagement" name="test_parse_github_url_simple_repo" time="0.168" /><testcase classname="tests.test_mcp_server_management.TestMCPServerManagement" name="test_parse_github_url_invalid" time="0.201" /><testcase classname="tests.test_mcp_server_management.TestMCPServerManagement" name="test_parse_github_url_empty" time="0.181" /><testcase classname="tests.test_mcp_server_management.TestMCPServerManagement" name="test_add_server_success" time="2.596" /><testcase classname="tests.test_mcp_server_management.TestMCPServerManagement" name="test_add_server_duplicate" time="0.321" /><testcase classname="tests.test_mcp_server_management.TestMCPServerManagement" name="test_add_server_no_name" time="0.154" /><testcase classname="tests.test_mcp_server_management.TestMCPServerManagement" name="test_get_server_details" time="0.311" /><testcase classname="tests.test_mcp_server_management.TestMCPServerManagement" name="test_get_server_not_found" time="0.226" /><testcase classname="tests.test_mcp_server_management.TestMCPServerManagement" name="test_save_credentials" time="0.398" /><testcase classname="tests.test_mcp_server_management.TestMCPServerManagement" name="test_get_credentials_masked" time="0.397" /><testcase classname="tests.test_mcp_server_management.TestMCPServerManagement" name="test_save_credentials_server_not_found" time="0.161" /><testcase classname="tests.test_mcp_server_management.TestMCPServerManagement" name="test_start_server" time="4.259" /><testcase classname="tests.test_mcp_server_management.TestMCPServerManagement" name="test_stop_server" time="3.601" /><testcase classname="tests.test_mcp_server_management.TestMCPServerManagement" name="test_start_server_not_found" time="0.197" /><testcase classname="tests.test_mcp_server_management.TestMCPServerManagement" name="test_delete_server" time="0.278" /><testcase classname="tests.test_mcp_server_management.TestMCPServerManagement" name="test_apps_list_includes_builtin" time="0.255" /><testcase classname="tests.test_mcp_server_management.TestMCPServerManagement" name="test_apps_list_includes_dynamic" time="0.379" /><testcase classname="tests.test_mcp_server_management.TestMCPServerManagement" name="test_apps_list_dynamic_status_running" time="3.041" /><testcase classname="tests.test_mcp_server_management.TestMCPServerManagementAuth" name="test_parse_github_requires_auth" time="0.148" /><testcase classname="tests.test_mcp_server_management.TestMCPServerManagementAuth" name="test_add_server_requires_auth" time="0.134" /><testcase classname="tests.test_mcp_server_management.TestMCPServerManagementAuth" name="test_apps_requires_auth" time="0.132" /></testsuite></testsuites>