<?xml version="1.0" encoding="utf-8"?><testsuites name="pytest tests"><testsuite name="pytest" errors="0" failures="0" skipped="0" tests="26" time="6.273" timestamp="2026-04-01T22:59:37.802740+00:00" hostname="agent-env-670ac510-4a0a-4aa4-9918-d1eb6f3e7a7b"><testcase classname="backend.tests.test_tool_customization.TestSetup" name="test_api_root" time="0.178" /><testcase classname="backend.tests.test_tool_customization.TestSetup" name="test_login_success" time="0.108" /><testcase classname="backend.tests.test_tool_customization.TestToolsList" name="test_tools_list_requires_auth" time="0.124" /><testcase classname="backend.tests.test_tool_customization.TestToolsList" name="test_tools_list_with_auth" time="0.245" /><testcase classname="backend.tests.test_tool_customization.TestParseSchema" name="test_parse_schema_requires_auth" time="0.125" /><testcase classname="backend.tests.test_tool_customization.TestParseSchema" name="test_parse_curl_put_request" time="0.208" /><testcase classname="backend.tests.test_tool_customization.TestParseSchema" name="test_parse_curl_post_request" time="0.134" /><testcase classname="backend.tests.test_tool_customization.TestParseSchema" name="test_parse_json_body" time="0.125" /><testcase classname="backend.tests.test_tool_customization.TestParseSchema" name="test_parse_empty_schema_fails" time="0.128" /><testcase classname="backend.tests.test_tool_customization.TestParseSchema" name="test_parse_invalid_schema_fails" time="0.144" /><testcase classname="backend.tests.test_tool_customization.TestCreateCustomTool" name="test_create_tool_requires_auth" time="0.114" /><testcase classname="backend.tests.test_tool_customization.TestCreateCustomTool" name="test_create_custom_tool" time="0.437" /><testcase classname="backend.tests.test_tool_customization.TestCreateCustomTool" name="test_create_duplicate_tool_fails" time="0.243" /><testcase classname="backend.tests.test_tool_customization.TestUpdateTool" name="test_update_tool_requires_auth" time="0.333" /><testcase classname="backend.tests.test_tool_customization.TestUpdateTool" name="test_toggle_tool_off" time="0.236" /><testcase classname="backend.tests.test_tool_customization.TestUpdateTool" name="test_toggle_tool_on" time="0.205" /><testcase classname="backend.tests.test_tool_customization.TestUpdateTool" name="test_update_tool_description" time="0.223" /><testcase classname="backend.tests.test_tool_customization.TestUpdateTool" name="test_update_empty_payload_fails" time="0.113" /><testcase classname="backend.tests.test_tool_customization.TestParamCRUD" name="test_add_new_param" time="0.614" /><testcase classname="backend.tests.test_tool_customization.TestParamCRUD" name="test_update_existing_param" time="0.345" /><testcase classname="backend.tests.test_tool_customization.TestParamCRUD" name="test_add_enum_param" time="0.333" /><testcase classname="backend.tests.test_tool_customization.TestParamCRUD" name="test_delete_param" time="0.206" /><testcase classname="backend.tests.test_tool_customization.TestMCPInfo" name="test_mcp_info_requires_auth" time="0.105" /><testcase classname="backend.tests.test_tool_customization.TestMCPInfo" name="test_mcp_info_returns_data" time="0.236" /><testcase classname="backend.tests.test_tool_customization.TestCustomToolCRUD" name="test_custom_tool_full_lifecycle" time="0.826" /><testcase classname="backend.tests.test_tool_customization.TestCustomToolCRUD" name="test_delete_nonexistent_custom_tool" time="0.110" /></testsuite></testsuites>