<?xml version="1.0" encoding="utf-8"?><testsuites name="pytest tests"><testsuite name="pytest" errors="0" failures="0" skipped="0" tests="24" time="6.438" timestamp="2026-03-29T08:20:25.619525+00:00" hostname="agent-env-670ac510-4a0a-4aa4-9918-d1eb6f3e7a7b"><testcase classname="tests.test_auth_and_api_keys.TestAuthEndpoints" name="test_login_success" time="0.196" /><testcase classname="tests.test_auth_and_api_keys.TestAuthEndpoints" name="test_login_invalid_credentials" time="0.102" /><testcase classname="tests.test_auth_and_api_keys.TestAuthEndpoints" name="test_login_wrong_password" time="0.103" /><testcase classname="tests.test_auth_and_api_keys.TestAuthEndpoints" name="test_get_me_without_token" time="0.133" /><testcase classname="tests.test_auth_and_api_keys.TestAuthEndpoints" name="test_get_me_with_valid_token" time="0.219" /><testcase classname="tests.test_auth_and_api_keys.TestAuthEndpoints" name="test_logout" time="0.195" /><testcase classname="tests.test_auth_and_api_keys.TestAppsEndpoints" name="test_list_apps_without_auth" time="0.229" /><testcase classname="tests.test_auth_and_api_keys.TestAppsEndpoints" name="test_list_apps_with_auth" time="0.198" /><testcase classname="tests.test_auth_and_api_keys.TestApiKeyManagement" name="test_create_api_key" time="0.325" /><testcase classname="tests.test_auth_and_api_keys.TestApiKeyManagement" name="test_list_api_keys" time="0.438" /><testcase classname="tests.test_auth_and_api_keys.TestApiKeyManagement" name="test_revoke_api_key" time="0.442" /><testcase classname="tests.test_auth_and_api_keys.TestApiKeyManagement" name="test_revoke_nonexistent_key" time="0.208" /><testcase classname="tests.test_auth_and_api_keys.TestChatwootEndpointsAuth" name="test_chatwoot_tools_without_auth" time="0.406" /><testcase classname="tests.test_auth_and_api_keys.TestChatwootEndpointsAuth" name="test_chatwoot_tools_with_jwt" time="0.392" /><testcase classname="tests.test_auth_and_api_keys.TestChatwootEndpointsAuth" name="test_chatwoot_tools_with_api_key_header" time="0.450" /><testcase classname="tests.test_auth_and_api_keys.TestChatwootEndpointsAuth" name="test_chatwoot_tools_with_bearer_api_key" time="0.406" /><testcase classname="tests.test_auth_and_api_keys.TestChatwootEndpointsAuth" name="test_chatwoot_tools_with_invalid_api_key" time="0.427" /><testcase classname="tests.test_auth_and_api_keys.TestChatwootEndpointsAuth" name="test_chatwoot_config_with_jwt" time="0.437" /><testcase classname="tests.test_auth_and_api_keys.TestChatwootEndpointsAuth" name="test_chatwoot_mcp_info_with_api_key" time="0.416" /><testcase classname="tests.test_auth_and_api_keys.TestWebhookEndpoint" name="test_webhook_receive_no_auth" time="0.116" /><testcase classname="tests.test_auth_and_api_keys.TestWebhookEndpoint" name="test_webhook_history_requires_auth" time="0.098" /><testcase classname="tests.test_auth_and_api_keys.TestProtectedRouteRedirects" name="test_apps_endpoint_requires_auth" time="0.098" /><testcase classname="tests.test_auth_and_api_keys.TestProtectedRouteRedirects" name="test_api_keys_endpoint_requires_auth" time="0.096" /><testcase classname="tests.test_auth_and_api_keys.TestProtectedRouteRedirects" name="test_chatwoot_config_requires_auth" time="0.097" /></testsuite></testsuites>