<?xml version="1.0" encoding="utf-8"?><testsuites name="pytest tests"><testsuite name="pytest" errors="0" failures="0" skipped="0" tests="7" time="6.405" timestamp="2026-04-02T10:21:02.265875+00:00" hostname="agent-env-670ac510-4a0a-4aa4-9918-d1eb6f3e7a7b"><testcase classname="backend.tests.test_credentials_schema.TestCredentialsSchema" name="test_get_memory_server_info" time="0.238" /><testcase classname="backend.tests.test_credentials_schema.TestCredentialsSchema" name="test_save_credentials_with_schema_update" time="0.526" /><testcase classname="backend.tests.test_credentials_schema.TestCredentialsSchema" name="test_save_credentials_with_multiple_vars" time="0.611" /><testcase classname="backend.tests.test_credentials_schema.TestCredentialsSchema" name="test_save_credentials_empty_schema" time="0.645" /><testcase classname="backend.tests.test_credentials_schema.TestCredentialsSchema" name="test_credentials_schema_persists_after_server_restart" time="0.753" /><testcase classname="backend.tests.test_credentials_schema.TestAddServerWithCredentialsSchema" name="test_add_server_with_custom_credentials_schema" time="3.341" /><testcase classname="backend.tests.test_credentials_schema.TestParseGitHubWithCredentials" name="test_parse_github_url_returns_server_info" time="0.200" /></testsuite></testsuites>