<?xml version="1.0" encoding="utf-8"?><testsuites name="pytest tests"><testsuite name="pytest" errors="0" failures="0" skipped="0" tests="10" time="6.176" timestamp="2026-04-02T10:42:58.708444+00:00" hostname="agent-env-670ac510-4a0a-4aa4-9918-d1eb6f3e7a7b"><testcase classname="backend.tests.test_github_parser_fix.TestFirecrawlGitHubParser" name="test_firecrawl_resolves_to_correct_npm_package" time="0.407" /><testcase classname="backend.tests.test_github_parser_fix.TestFirecrawlGitHubParser" name="test_firecrawl_returns_env_vars_from_readme" time="0.226" /><testcase classname="backend.tests.test_github_parser_fix.TestFirecrawlGitHubParser" name="test_firecrawl_command_uses_correct_package" time="0.228" /><testcase classname="backend.tests.test_github_parser_fix.TestOfficialGitHubMCPParser" name="test_github_mcp_resolves_to_scoped_package" time="0.264" /><testcase classname="backend.tests.test_github_parser_fix.TestOfficialGitHubMCPParser" name="test_github_mcp_does_not_resolve_to_monorepo_root" time="0.253" /><testcase classname="backend.tests.test_github_parser_fix.TestOfficialGitHubMCPParser" name="test_github_mcp_monorepo_subpath_no_readme" time="0.260" /><testcase classname="backend.tests.test_github_parser_fix.TestServerInstallation" name="test_firecrawl_install_with_correct_package" time="4.088" /><testcase classname="backend.tests.test_github_parser_fix.TestInstalledServerVerification" name="test_firecrawl_in_installed_servers" time="0.129" /><testcase classname="backend.tests.test_github_parser_fix.TestMarketplaceRegression" name="test_marketplace_returns_12_curated_servers" time="0.116" /><testcase classname="backend.tests.test_github_parser_fix.TestMarketplaceRegression" name="test_marketplace_github_server_has_correct_package" time="0.125" /></testsuite></testsuites>